Using pre-set license
Built from '2020.2/staging' branch; Version is '2020.2.7f1 (c53830e277f1) revision 12924976'; Using compiler version '192528614'; Build Type 'Release'
OS: 'Windows 10 Home; OS build 18363.1440; Version 1909; 64bit' Language: 'es' Physical Memory: 16226 MB
BatchMode: 1, IsHumanControllingUs: 0, StartBugReporterOnCrash: 0, Is64bit: 1, IsPro: 0

 COMMAND LINE ARGUMENTS:
C:\Program Files\Unity\Hub\Editor\2020.2.7f1\Editor\Unity.exe
-adb2
-batchMode
-noUpm
-name
AssetImportWorker0
-projectPath
C:/Users/sebas/Documents/GitHub/juegoiglesia/TempleRunIglesia
-logFile
Logs/AssetImportWorker0.log
-srvPort
51209
Successfully changed project path to: C:/Users/sebas/Documents/GitHub/juegoiglesia/TempleRunIglesia
C:/Users/sebas/Documents/GitHub/juegoiglesia/TempleRunIglesia
Using Asset Import Pipeline V2.
Refreshing native plugins compatible for Editor in 45.30 ms, found 0 plugins.
Preloading 0 native plugins for Editor in 0.00 ms.
Initialize engine version: 2020.2.7f1 (c53830e277f1)
[Subsystems] Discovering subsystems at path C:/Program Files/Unity/Hub/Editor/2020.2.7f1/Editor/Data/Resources/UnitySubsystems
[Subsystems] Discovering subsystems at path C:/Users/sebas/Documents/GitHub/juegoiglesia/TempleRunIglesia/Assets
GfxDevice: creating device client; threaded=0
Direct3D:
    Version:  Direct3D 11.0 [level 11.1]
    Renderer: NVIDIA GeForce GTX 1060 (ID=0x1c20)
    Vendor:   
    VRAM:     6052 MB
    Driver:   27.21.14.6192
Shader 'Universal Render Pipeline/Particles/Lit': fallback shader 'Universal Render Pipeline/Particles/SimpleLit' not found
Initialize mono
Mono path[0] = 'C:/Program Files/Unity/Hub/Editor/2020.2.7f1/Editor/Data/Managed'
Mono path[1] = 'C:/Program Files/Unity/Hub/Editor/2020.2.7f1/Editor/Data/MonoBleedingEdge/lib/mono/unityjit'
Mono config path = 'C:/Program Files/Unity/Hub/Editor/2020.2.7f1/Editor/Data/MonoBleedingEdge/etc'
Using monoOptions --debugger-agent=transport=dt_socket,embedding=1,server=y,suspend=n,address=127.0.0.1:56984
Begin MonoManager ReloadAssembly
Registering precompiled unity dll's ...
Register platform support module: C:/Program Files/Unity/Hub/Editor/2020.2.7f1/Editor/Data/PlaybackEngines/WebGLSupport/UnityEditor.WebGL.Extensions.dll
Register platform support module: C:/Program Files/Unity/Hub/Editor/2020.2.7f1/Editor/Data/PlaybackEngines/WindowsStandaloneSupport/UnityEditor.WindowsStandalone.Extensions.dll
Registered in 0.001476 seconds.
Native extension for WindowsStandalone target not found
Native extension for WebGL target not found
Refreshing native plugins compatible for Editor in 43.15 ms, found 0 plugins.
Preloading 0 native plugins for Editor in 0.00 ms.
Invoked RoslynAnalysisRunner static constructor.
RoslynAnalysisRunner will not be running.
RoslynAnalysisRunner has terminated.
Mono: successfully reloaded assembly
- Completed reload, in  1.090 seconds
Platform modules already initialized, skipping
Registering precompiled user dll's ...
Registered in 0.001093 seconds.
Begin MonoManager ReloadAssembly
Native extension for WindowsStandalone target not found
Native extension for WebGL target not found
Refreshing native plugins compatible for Editor in 44.22 ms, found 0 plugins.
Preloading 0 native plugins for Editor in 0.00 ms.
Invoked RoslynAnalysisRunner static constructor.
RoslynAnalysisRunner will not be running.
RoslynAnalysisRunner has terminated.
Mono: successfully reloaded assembly
- Completed reload, in  0.913 seconds
Platform modules already initialized, skipping
========================================================================
Worker process is ready to serve import requests
Shader 'Universal Render Pipeline/Particles/Lit': fallback shader 'Universal Render Pipeline/Particles/SimpleLit' not found
Launched and connected shader compiler UnityShaderCompiler.exe after 0.04 seconds
Refreshing native plugins compatible for Editor in 0.42 ms, found 0 plugins.
Preloading 0 native plugins for Editor in 0.00 ms.
Unloading 2373 Unused Serialized files (Serialized files now loaded: 0)
System memory in use before: 107.9 MB.
System memory in use after: 108.1 MB.

Unloading 11 unused Assets to reduce memory usage. Loaded Objects now: 2815.
Total: 3.277800 ms (FindLiveObjects: 0.353900 ms CreateObjectMapping: 0.138400 ms MarkObjects: 2.664100 ms  DeleteObjects: 0.120100 ms)

========================================================================
Received Import Request.
  path: Assets/UIRenderer.asset
  artifactKey: Guid(45e4c9a2a5aaef0409ca1edd4a368fc6) Importer(815301076,1909f56bfc062723c751e8b465ee728b)
Start importing Assets/UIRenderer.asset using Guid(45e4c9a2a5aaef0409ca1edd4a368fc6) Importer(815301076,1909f56bfc062723c751e8b465ee728b)  -> (artifact id: '1cab6e0e2f179413711c2a7ae8852786') in 0.057147 seconds
  Import took 0.061052 seconds .

========================================================================
Received Import Request.
  Time since last request: 153.089080 seconds.
  path: Assets/Materials/A.mat
  artifactKey: Guid(3c98c150d6196ef419f666d71cf7d13f) Importer(815301076,1909f56bfc062723c751e8b465ee728b)
Start importing Assets/Materials/A.mat using Guid(3c98c150d6196ef419f666d71cf7d13f) Importer(815301076,1909f56bfc062723c751e8b465ee728b)  -> (artifact id: 'eb48aad0b1fb377199e766facd2b81ea') in 0.083614 seconds
  Import took 0.087481 seconds .

========================================================================
Received Import Request.
  Time since last request: 0.000277 seconds.
  path: Assets/Materials/A2.mat
  artifactKey: Guid(5188c7492ef51d143a7128aa9700788a) Importer(815301076,1909f56bfc062723c751e8b465ee728b)
Start importing Assets/Materials/A2.mat using Guid(5188c7492ef51d143a7128aa9700788a) Importer(815301076,1909f56bfc062723c751e8b465ee728b)  -> (artifact id: '4a2f75018915e2c499eb2556ed233bbb') in 0.005466 seconds
  Import took 0.008671 seconds .

========================================================================
Received Import Request.
  Time since last request: 0.000299 seconds.
  path: Assets/Materials/K7.mat
  artifactKey: Guid(2100b85841ac32940a50ec36409b49c0) Importer(815301076,1909f56bfc062723c751e8b465ee728b)
Start importing Assets/Materials/K7.mat using Guid(2100b85841ac32940a50ec36409b49c0) Importer(815301076,1909f56bfc062723c751e8b465ee728b)  -> (artifact id: 'eda1bcd10ce368cc49d5a5ea6597de75') in 0.005096 seconds
  Import took 0.008391 seconds .

========================================================================
Received Import Request.
  Time since last request: 0.000189 seconds.
  path: Assets/Materials/C2.mat
  artifactKey: Guid(0510da7b3809d94478e8a6a4f562366e) Importer(815301076,1909f56bfc062723c751e8b465ee728b)
Start importing Assets/Materials/C2.mat using Guid(0510da7b3809d94478e8a6a4f562366e) Importer(815301076,1909f56bfc062723c751e8b465ee728b)  -> (artifact id: 'e99a5ad8132b3831238ee961938ec015') in 0.005337 seconds
  Import took 0.008713 seconds .

========================================================================
Received Import Request.
  Time since last request: 0.000226 seconds.
  path: Assets/Materials/I3.mat
  artifactKey: Guid(ce22e4b8667c6c4498256004a51def48) Importer(815301076,1909f56bfc062723c751e8b465ee728b)
Start importing Assets/Materials/I3.mat using Guid(ce22e4b8667c6c4498256004a51def48) Importer(815301076,1909f56bfc062723c751e8b465ee728b)  -> (artifact id: 'cd0c180d47f1b5b6eb2b336b1938bfe7') in 0.005695 seconds
  Import took 0.009135 seconds .

========================================================================
Received Import Request.
  Time since last request: 0.000285 seconds.
  path: Assets/Materials/E3.mat
  artifactKey: Guid(4e806bb1fdee85a44aca49978bc274e7) Importer(815301076,1909f56bfc062723c751e8b465ee728b)
Start importing Assets/Materials/E3.mat using Guid(4e806bb1fdee85a44aca49978bc274e7) Importer(815301076,1909f56bfc062723c751e8b465ee728b)  -> (artifact id: '8e0b61bb9c2c053b03da9c38ebb0c415') in 0.005246 seconds
  Import took 0.008480 seconds .

========================================================================
Received Import Request.
  Time since last request: 0.000282 seconds.
  path: Assets/Materials/Windows no light.mat
  artifactKey: Guid(26df91506bf83b343b8083c5322323ae) Importer(815301076,1909f56bfc062723c751e8b465ee728b)
Start importing Assets/Materials/Windows no light.mat using Guid(26df91506bf83b343b8083c5322323ae) Importer(815301076,1909f56bfc062723c751e8b465ee728b)  -> (artifact id: '02d9aa2c43fdf03d7cf4de868b243c59') in 0.005146 seconds
  Import took 0.008488 seconds .

========================================================================
Received Import Request.
  Time since last request: 0.000273 seconds.
  path: Assets/Materials/grass.mat
  artifactKey: Guid(9904cd0f6245e884999431c0bdf22fef) Importer(815301076,1909f56bfc062723c751e8b465ee728b)
Start importing Assets/Materials/grass.mat using Guid(9904cd0f6245e884999431c0bdf22fef) Importer(815301076,1909f56bfc062723c751e8b465ee728b)  -> (artifact id: 'a3e999f8797b5232557596f5d70ef876') in 0.006523 seconds
  Import took 0.010002 seconds .

========================================================================
Received Import Request.
  Time since last request: 0.000245 seconds.
  path: Assets/Materials/H2.mat
  artifactKey: Guid(6f227c8592ad80a41be32efd278da65a) Importer(815301076,1909f56bfc062723c751e8b465ee728b)
Start importing Assets/Materials/H2.mat using Guid(6f227c8592ad80a41be32efd278da65a) Importer(815301076,1909f56bfc062723c751e8b465ee728b)  -> (artifact id: '74a0940afced5c5ec78f94b2d2f922f6') in 0.005799 seconds
  Import took 0.009096 seconds .

========================================================================
Received Import Request.
  Time since last request: 0.000264 seconds.
  path: Assets/Materials/D2.mat
  artifactKey: Guid(527a2f1bf2a8e6b44a73711edbc69733) Importer(815301076,1909f56bfc062723c751e8b465ee728b)
Start importing Assets/Materials/D2.mat using Guid(527a2f1bf2a8e6b44a73711edbc69733) Importer(815301076,1909f56bfc062723c751e8b465ee728b)  -> (artifact id: '7e4f7c481a478a0d740a59893e7635b0') in 0.004768 seconds
  Import took 0.008350 seconds .

========================================================================
Received Import Request.
  Time since last request: 0.000213 seconds.
  path: Assets/Materials/C1.mat
  artifactKey: Guid(b46491bf8bcc7974e9c5b185ed3a64df) Importer(815301076,1909f56bfc062723c751e8b465ee728b)
Start importing Assets/Materials/C1.mat using Guid(b46491bf8bcc7974e9c5b185ed3a64df) Importer(815301076,1909f56bfc062723c751e8b465ee728b)  -> (artifact id: 'b6cb2814a3f9a1100e5377e044e110c5') in 0.005433 seconds
  Import took 0.008685 seconds .

========================================================================
Received Import Request.
  Time since last request: 0.000393 seconds.
  path: Assets/Materials/D1.mat
  artifactKey: Guid(be3dd0dbeba4e0e44b4a036604ec5247) Importer(815301076,1909f56bfc062723c751e8b465ee728b)
Start importing Assets/Materials/D1.mat using Guid(be3dd0dbeba4e0e44b4a036604ec5247) Importer(815301076,1909f56bfc062723c751e8b465ee728b)  -> (artifact id: '122902d24a5943d17d9518f8dbb26507') in 0.005166 seconds
  Import took 0.009702 seconds .

========================================================================
Received Import Request.
  Time since last request: 0.000284 seconds.
  path: Assets/Materials/D3.mat
  artifactKey: Guid(08e170aeffe61fd49b962982cf27cd52) Importer(815301076,1909f56bfc062723c751e8b465ee728b)
Start importing Assets/Materials/D3.mat using Guid(08e170aeffe61fd49b962982cf27cd52) Importer(815301076,1909f56bfc062723c751e8b465ee728b)  -> (artifact id: '4376ea113c9edc2c7c224dcc3ed951c0') in 0.005282 seconds
  Import took 0.009070 seconds .

========================================================================
Received Import Request.
  Time since last request: 0.000272 seconds.
  path: Assets/Materials/k12.mat
  artifactKey: Guid(8d50894cec04b584c99d0e15c717bf2e) Importer(815301076,1909f56bfc062723c751e8b465ee728b)
Start importing Assets/Materials/k12.mat using Guid(8d50894cec04b584c99d0e15c717bf2e) Importer(815301076,1909f56bfc062723c751e8b465ee728b)  -> (artifact id: '42119248d9dfc1f8ed4c0d624eeff900') in 0.004692 seconds
  Import took 0.008403 seconds .

========================================================================
Received Import Request.
  Time since last request: 0.000371 seconds.
  path: Assets/Materials/E2.mat
  artifactKey: Guid(04ea80a7b7a8f25419eec6649973eba0) Importer(815301076,1909f56bfc062723c751e8b465ee728b)
Start importing Assets/Materials/E2.mat using Guid(04ea80a7b7a8f25419eec6649973eba0) Importer(815301076,1909f56bfc062723c751e8b465ee728b)  -> (artifact id: '9ead50cc27b3df3291043b6bb27447a3') in 0.005514 seconds
  Import took 0.008797 seconds .

========================================================================
Received Import Request.
  Time since last request: 0.000225 seconds.
  path: Assets/Materials/street 3.mat
  artifactKey: Guid(7e20040aa26e36443b2ae6d45e7b8ff6) Importer(815301076,1909f56bfc062723c751e8b465ee728b)
Start importing Assets/Materials/street 3.mat using Guid(7e20040aa26e36443b2ae6d45e7b8ff6) Importer(815301076,1909f56bfc062723c751e8b465ee728b)  -> (artifact id: 'e1e5f8fce7af1b0225a9542ac59fd23d') in 0.006530 seconds
  Import took 0.009868 seconds .

========================================================================
Received Import Request.
  Time since last request: 0.000201 seconds.
  path: Assets/Materials/K13.mat
  artifactKey: Guid(385015333524c4947bf237c08e46d007) Importer(815301076,1909f56bfc062723c751e8b465ee728b)
Start importing Assets/Materials/K13.mat using Guid(385015333524c4947bf237c08e46d007) Importer(815301076,1909f56bfc062723c751e8b465ee728b)  -> (artifact id: 'a39523f3071a2e56cb24e919755074da') in 0.005409 seconds
  Import took 0.009017 seconds .

========================================================================
Received Import Request.
  Time since last request: 0.000274 seconds.
  path: Assets/Materials/F2.mat
  artifactKey: Guid(125b8e3d7d52f1a4a9341372677b8015) Importer(815301076,1909f56bfc062723c751e8b465ee728b)
Start importing Assets/Materials/F2.mat using Guid(125b8e3d7d52f1a4a9341372677b8015) Importer(815301076,1909f56bfc062723c751e8b465ee728b)  -> (artifact id: '51c26e0448d368f279372531215063c7') in 0.006152 seconds
  Import took 0.010964 seconds .

========================================================================
Received Import Request.
  Time since last request: 0.000299 seconds.
  path: Assets/Materials/I2.mat
  artifactKey: Guid(cea0c4191eb5cb440aa5355d44958681) Importer(815301076,1909f56bfc062723c751e8b465ee728b)
Start importing Assets/Materials/I2.mat using Guid(cea0c4191eb5cb440aa5355d44958681) Importer(815301076,1909f56bfc062723c751e8b465ee728b)  -> (artifact id: '9edf2d9d6dc983a313859e93c8990aff') in 0.005178 seconds
  Import took 0.008730 seconds .

========================================================================
Received Import Request.
  Time since last request: 0.000192 seconds.
  path: Assets/Materials/Grid.mat
  artifactKey: Guid(f2f02f2d34418854d80798cb0fa82bc7) Importer(815301076,1909f56bfc062723c751e8b465ee728b)
Start importing Assets/Materials/Grid.mat using Guid(f2f02f2d34418854d80798cb0fa82bc7) Importer(815301076,1909f56bfc062723c751e8b465ee728b)  -> (artifact id: '039e3b65f1c52e184251281e25a89dde') in 0.006199 seconds
  Import took 0.009414 seconds .

========================================================================
Received Import Request.
  Time since last request: 0.000278 seconds.
  path: Assets/Materials/K2.mat
  artifactKey: Guid(0b5ab4b8a0e43004ba5e294fbe6cf73a) Importer(815301076,1909f56bfc062723c751e8b465ee728b)
Start importing Assets/Materials/K2.mat using Guid(0b5ab4b8a0e43004ba5e294fbe6cf73a) Importer(815301076,1909f56bfc062723c751e8b465ee728b)  -> (artifact id: 'fc1c8ebaec1edd4cd65ec5fcab00f945') in 0.005643 seconds
  Import took 0.009414 seconds .

========================================================================
Received Import Request.
  Time since last request: 0.000234 seconds.
  path: Assets/Materials/B1.mat
  artifactKey: Guid(b1aa805cd8c03914ea529c0d11595111) Importer(815301076,1909f56bfc062723c751e8b465ee728b)
Start importing Assets/Materials/B1.mat using Guid(b1aa805cd8c03914ea529c0d11595111) Importer(815301076,1909f56bfc062723c751e8b465ee728b)  -> (artifact id: 'd473d13c6951255ddd7f0ec559b35337') in 0.005883 seconds
  Import took 0.009097 seconds .

========================================================================
Received Import Request.
  Time since last request: 0.000296 seconds.
  path: Assets/Materials/SideWay.mat
  artifactKey: Guid(826ead3abf95f194996cb8156de6f671) Importer(815301076,1909f56bfc062723c751e8b465ee728b)
Start importing Assets/Materials/SideWay.mat using Guid(826ead3abf95f194996cb8156de6f671) Importer(815301076,1909f56bfc062723c751e8b465ee728b)  -> (artifact id: '8f5e57f84c061bbd76a3e230b0f0d529') in 0.005749 seconds
  Import took 0.009020 seconds .

========================================================================
Received Import Request.
  Time since last request: 0.000314 seconds.
  path: Assets/Materials/K4.mat
  artifactKey: Guid(711bad159df31524ca17958a0c56fbf5) Importer(815301076,1909f56bfc062723c751e8b465ee728b)
Start importing Assets/Materials/K4.mat using Guid(711bad159df31524ca17958a0c56fbf5) Importer(815301076,1909f56bfc062723c751e8b465ee728b)  -> (artifact id: '644ec44ea8840f1eb6ab38b5441f5a4b') in 0.005515 seconds
  Import took 0.010005 seconds .

========================================================================
Received Import Request.
  Time since last request: 0.000240 seconds.
  path: Assets/Materials/J2.mat
  artifactKey: Guid(fe6ba248f97095d49869fcb5611b50d4) Importer(815301076,1909f56bfc062723c751e8b465ee728b)
Start importing Assets/Materials/J2.mat using Guid(fe6ba248f97095d49869fcb5611b50d4) Importer(815301076,1909f56bfc062723c751e8b465ee728b)  -> (artifact id: 'bee6fe382b70e72bf8faf1145e854e0b') in 0.005225 seconds
  Import took 0.009192 seconds .

========================================================================
Received Import Request.
  Time since last request: 0.000252 seconds.
  path: Assets/Materials/B3.mat
  artifactKey: Guid(6654366d45d22054abd260171b0f7c04) Importer(815301076,1909f56bfc062723c751e8b465ee728b)
Start importing Assets/Materials/B3.mat using Guid(6654366d45d22054abd260171b0f7c04) Importer(815301076,1909f56bfc062723c751e8b465ee728b)  -> (artifact id: 'b0cbcfc306e546706021f8ba70d12a47') in 0.004669 seconds
  Import took 0.007862 seconds .

========================================================================
Received Import Request.
  Time since last request: 0.000208 seconds.
  path: Assets/Materials/Big_trash_bin.mat
  artifactKey: Guid(b6e4dbecc938a2948b3839b7d1409514) Importer(815301076,1909f56bfc062723c751e8b465ee728b)
Start importing Assets/Materials/Big_trash_bin.mat using Guid(b6e4dbecc938a2948b3839b7d1409514) Importer(815301076,1909f56bfc062723c751e8b465ee728b)  -> (artifact id: 'bb49664d0f830a28ece1c1ca89fcdecc') in 0.006289 seconds
  Import took 0.010154 seconds .

========================================================================
Received Import Request.
  Time since last request: 0.000284 seconds.
  path: Assets/Materials/C3.mat
  artifactKey: Guid(91155d9f14bc7c24885accb7c3b9025f) Importer(815301076,1909f56bfc062723c751e8b465ee728b)
Start importing Assets/Materials/C3.mat using Guid(91155d9f14bc7c24885accb7c3b9025f) Importer(815301076,1909f56bfc062723c751e8b465ee728b)  -> (artifact id: 'eb3735a0fea084415bb5ba6743d5b9b6') in 0.005530 seconds
  Import took 0.008916 seconds .

========================================================================
Received Import Request.
  Time since last request: 0.000245 seconds.
  path: Assets/Materials/ColaMachine.mat
  artifactKey: Guid(439eb576ca1364e47a9cda1cab72e5dd) Importer(815301076,1909f56bfc062723c751e8b465ee728b)
Start importing Assets/Materials/ColaMachine.mat using Guid(439eb576ca1364e47a9cda1cab72e5dd) Importer(815301076,1909f56bfc062723c751e8b465ee728b)  -> (artifact id: '5d12024e441241b525896ae6e8812bc3') in 0.005874 seconds
  Import took 0.009169 seconds .

========================================================================
Received Import Request.
  Time since last request: 0.000247 seconds.
  path: Assets/Materials/Pot_tree.mat
  artifactKey: Guid(3b40b8ee00299524ea7fc922043f7454) Importer(815301076,1909f56bfc062723c751e8b465ee728b)
Start importing Assets/Materials/Pot_tree.mat using Guid(3b40b8ee00299524ea7fc922043f7454) Importer(815301076,1909f56bfc062723c751e8b465ee728b)  -> (artifact id: 'df12f4a888ab946c6659a26599099368') in 0.005782 seconds
  Import took 0.008950 seconds .

========================================================================
Received Import Request.
  Time since last request: 0.000311 seconds.
  path: Assets/Materials/J1.mat
  artifactKey: Guid(8bf8e8eb3c4ec9c4e9f79488c39bff59) Importer(815301076,1909f56bfc062723c751e8b465ee728b)
Start importing Assets/Materials/J1.mat using Guid(8bf8e8eb3c4ec9c4e9f79488c39bff59) Importer(815301076,1909f56bfc062723c751e8b465ee728b)  -> (artifact id: '2a44b8b0aa6374e53101b9eaaf7a453a') in 0.005159 seconds
  Import took 0.010006 seconds .

========================================================================
Received Import Request.
  Time since last request: 0.000308 seconds.
  path: Assets/Materials/G3.mat
  artifactKey: Guid(ed6309fcf2465f8459ee0d575167c0ed) Importer(815301076,1909f56bfc062723c751e8b465ee728b)
Start importing Assets/Materials/G3.mat using Guid(ed6309fcf2465f8459ee0d575167c0ed) Importer(815301076,1909f56bfc062723c751e8b465ee728b)  -> (artifact id: '5d6ec147f210cf695c9b940912da9237') in 0.004682 seconds
  Import took 0.008577 seconds .

========================================================================
Received Import Request.
  Time since last request: 0.000223 seconds.
  path: Assets/Materials/tree leaf.mat
  artifactKey: Guid(45aa121491da72e4b8c0fcdb4533272d) Importer(815301076,1909f56bfc062723c751e8b465ee728b)
Start importing Assets/Materials/tree leaf.mat using Guid(45aa121491da72e4b8c0fcdb4533272d) Importer(815301076,1909f56bfc062723c751e8b465ee728b)  -> (artifact id: '18bfcbefb996e3a1d3a5b1318965f42c') in 0.006915 seconds
  Import took 0.010253 seconds .

========================================================================
Received Import Request.
  Time since last request: 0.000231 seconds.
  path: Assets/Materials/E1.mat
  artifactKey: Guid(76d6265878226dc409ce872e24203b86) Importer(815301076,1909f56bfc062723c751e8b465ee728b)
Start importing Assets/Materials/E1.mat using Guid(76d6265878226dc409ce872e24203b86) Importer(815301076,1909f56bfc062723c751e8b465ee728b)  -> (artifact id: '13927e97ab4bcce95852612107460fec') in 0.005668 seconds
  Import took 0.009103 seconds .

========================================================================
Received Import Request.
  Time since last request: 0.000208 seconds.
  path: Assets/Materials/gas pump.mat
  artifactKey: Guid(1f3aed826d0deb142ae61d35be7f4ff8) Importer(815301076,1909f56bfc062723c751e8b465ee728b)
Start importing Assets/Materials/gas pump.mat using Guid(1f3aed826d0deb142ae61d35be7f4ff8) Importer(815301076,1909f56bfc062723c751e8b465ee728b)  -> (artifact id: '95e48687cabaa5098fa507d73d448338') in 0.006959 seconds
  Import took 0.010111 seconds .

========================================================================
Received Import Request.
  Time since last request: 0.000254 seconds.
  path: Assets/Materials/A3.mat
  artifactKey: Guid(c4d3a0c81c5ffb34889379e1a1cf85bb) Importer(815301076,1909f56bfc062723c751e8b465ee728b)
Start importing Assets/Materials/A3.mat using Guid(c4d3a0c81c5ffb34889379e1a1cf85bb) Importer(815301076,1909f56bfc062723c751e8b465ee728b)  -> (artifact id: 'cb21953caf2330d6c5b657e65f3af27c') in 0.005470 seconds
  Import took 0.009409 seconds .

========================================================================
Received Import Request.
  Time since last request: 0.000504 seconds.
  path: Assets/Materials/K1.mat
  artifactKey: Guid(1a0dec1fa084e1b4abd7c6cf33e568ff) Importer(815301076,1909f56bfc062723c751e8b465ee728b)
Start importing Assets/Materials/K1.mat using Guid(1a0dec1fa084e1b4abd7c6cf33e568ff) Importer(815301076,1909f56bfc062723c751e8b465ee728b)  -> (artifact id: '51f85bd624cafc48ee1b8b5c8a38b9ca') in 0.005039 seconds
  Import took 0.009047 seconds .

========================================================================
Received Import Request.
  Time since last request: 0.000213 seconds.
  path: Assets/Materials/A1.mat
  artifactKey: Guid(1af4b0d855a4f694baba51a55f5c6cc9) Importer(815301076,1909f56bfc062723c751e8b465ee728b)
Start importing Assets/Materials/A1.mat using Guid(1af4b0d855a4f694baba51a55f5c6cc9) Importer(815301076,1909f56bfc062723c751e8b465ee728b)  -> (artifact id: 'ccbc0c27623cf6bc61a0cd0ffd6def08') in 0.005085 seconds
  Import took 0.008661 seconds .

========================================================================
Received Import Request.
  Time since last request: 0.000237 seconds.
  path: Assets/Materials/K8.mat
  artifactKey: Guid(4a68a0cfc4d91c447b2fe408cb8e7dca) Importer(815301076,1909f56bfc062723c751e8b465ee728b)
Start importing Assets/Materials/K8.mat using Guid(4a68a0cfc4d91c447b2fe408cb8e7dca) Importer(815301076,1909f56bfc062723c751e8b465ee728b)  -> (artifact id: '5693056b1b18f46910df259736ac72b4') in 0.004662 seconds
  Import took 0.007955 seconds .

========================================================================
Received Import Request.
  Time since last request: 0.000308 seconds.
  path: Assets/Materials/Hydrant.mat
  artifactKey: Guid(84656e979de647d48a1dffd409494192) Importer(815301076,1909f56bfc062723c751e8b465ee728b)
Start importing Assets/Materials/Hydrant.mat using Guid(84656e979de647d48a1dffd409494192) Importer(815301076,1909f56bfc062723c751e8b465ee728b)  -> (artifact id: '5385f0a672e78fded9c374091e5e336c') in 0.005210 seconds
  Import took 0.008771 seconds .

========================================================================
Received Import Request.
  Time since last request: 0.000217 seconds.
  path: Assets/Materials/B2.mat
  artifactKey: Guid(792fa418de0281e4bab622f9a60c88b2) Importer(815301076,1909f56bfc062723c751e8b465ee728b)
Start importing Assets/Materials/B2.mat using Guid(792fa418de0281e4bab622f9a60c88b2) Importer(815301076,1909f56bfc062723c751e8b465ee728b)  -> (artifact id: '35ee1eb336c3fc3adb2f736554b72972') in 0.005653 seconds
  Import took 0.008873 seconds .

========================================================================
Received Import Request.
  Time since last request: 0.000250 seconds.
  path: Assets/Materials/F1.mat
  artifactKey: Guid(0bce4c2bd5151644a8ec6f537140cbd6) Importer(815301076,1909f56bfc062723c751e8b465ee728b)
Start importing Assets/Materials/F1.mat using Guid(0bce4c2bd5151644a8ec6f537140cbd6) Importer(815301076,1909f56bfc062723c751e8b465ee728b)  -> (artifact id: '89207377c855060a19c70134a5e7e937') in 0.005208 seconds
  Import took 0.008372 seconds .

========================================================================
Received Import Request.
  Time since last request: 0.000251 seconds.
  path: Assets/Materials/K10.mat
  artifactKey: Guid(bdcbb625d2db6d344907f63d3439281d) Importer(815301076,1909f56bfc062723c751e8b465ee728b)
Start importing Assets/Materials/K10.mat using Guid(bdcbb625d2db6d344907f63d3439281d) Importer(815301076,1909f56bfc062723c751e8b465ee728b)  -> (artifact id: '89c9c70ea825dd0cc42b6e9894c1ef1f') in 0.005945 seconds
  Import took 0.009725 seconds .

========================================================================
Received Import Request.
  Time since last request: 0.000223 seconds.
  path: Assets/Materials/G1.mat
  artifactKey: Guid(73daffab7784ec040ba2d4d7302527f8) Importer(815301076,1909f56bfc062723c751e8b465ee728b)
Start importing Assets/Materials/G1.mat using Guid(73daffab7784ec040ba2d4d7302527f8) Importer(815301076,1909f56bfc062723c751e8b465ee728b)  -> (artifact id: '16d56d31b7301358e3b73bbe8e3638b3') in 0.006067 seconds
  Import took 0.009429 seconds .

========================================================================
Received Import Request.
  Time since last request: 0.000346 seconds.
  path: Assets/Materials/k5.mat
  artifactKey: Guid(e495abf6588a1b944a3620fd1fee2b07) Importer(815301076,1909f56bfc062723c751e8b465ee728b)
Start importing Assets/Materials/k5.mat using Guid(e495abf6588a1b944a3620fd1fee2b07) Importer(815301076,1909f56bfc062723c751e8b465ee728b)  -> (artifact id: '007b5168cde42ca062cd60aa5de5cb6e') in 0.005155 seconds
  Import took 0.009273 seconds .

========================================================================
Received Import Request.
  Time since last request: 0.000256 seconds.
  path: Assets/Materials/K9.mat
  artifactKey: Guid(8d368d2c617522b4f8385162f26cacfa) Importer(815301076,1909f56bfc062723c751e8b465ee728b)
Start importing Assets/Materials/K9.mat using Guid(8d368d2c617522b4f8385162f26cacfa) Importer(815301076,1909f56bfc062723c751e8b465ee728b)  -> (artifact id: '957685fc29d7e7828fa4f49c8ff5973d') in 0.004842 seconds
  Import took 0.008441 seconds .

========================================================================
Received Import Request.
  Time since last request: 0.000249 seconds.
  path: Assets/Materials/Dirt.mat
  artifactKey: Guid(9b0509cf5979e03459b722142113657c) Importer(815301076,1909f56bfc062723c751e8b465ee728b)
Start importing Assets/Materials/Dirt.mat using Guid(9b0509cf5979e03459b722142113657c) Importer(815301076,1909f56bfc062723c751e8b465ee728b)  -> (artifact id: '77bbbc52dc90e2fe9d8fc04825a394a7') in 0.006324 seconds
  Import took 0.009806 seconds .

========================================================================
Received Import Request.
  Time since last request: 0.000213 seconds.
  path: Assets/Materials/K6.mat
  artifactKey: Guid(ee406a0d2cd53e046b9c7bcfdcc189a7) Importer(815301076,1909f56bfc062723c751e8b465ee728b)
Start importing Assets/Materials/K6.mat using Guid(ee406a0d2cd53e046b9c7bcfdcc189a7) Importer(815301076,1909f56bfc062723c751e8b465ee728b)  -> (artifact id: 'd260d5d91d25784d0e14736b2d0bea64') in 0.005624 seconds
  Import took 0.008990 seconds .

========================================================================
Received Import Request.
  Time since last request: 0.000276 seconds.
  path: Assets/Materials/H1.mat
  artifactKey: Guid(764481942b4df2a40857026c71dfae1f) Importer(815301076,1909f56bfc062723c751e8b465ee728b)
Start importing Assets/Materials/H1.mat using Guid(764481942b4df2a40857026c71dfae1f) Importer(815301076,1909f56bfc062723c751e8b465ee728b)  -> (artifact id: '1ca2f4ac2396d67d77569a830bc9a2e8') in 0.005707 seconds
  Import took 0.009046 seconds .

========================================================================
Received Import Request.
  Time since last request: 0.000232 seconds.
  path: Assets/Materials/J3.mat
  artifactKey: Guid(5fd1fed63457bc14abea612957703653) Importer(815301076,1909f56bfc062723c751e8b465ee728b)
Start importing Assets/Materials/J3.mat using Guid(5fd1fed63457bc14abea612957703653) Importer(815301076,1909f56bfc062723c751e8b465ee728b)  -> (artifact id: '3d005e493dc4a1752c8785b94032df4d') in 0.005503 seconds
  Import took 0.008925 seconds .

========================================================================
Received Import Request.
  Time since last request: 0.000219 seconds.
  path: Assets/Materials/bench.mat
  artifactKey: Guid(0cfe2f16ddac5b04b8acda9e8f8cb3ee) Importer(815301076,1909f56bfc062723c751e8b465ee728b)
Start importing Assets/Materials/bench.mat using Guid(0cfe2f16ddac5b04b8acda9e8f8cb3ee) Importer(815301076,1909f56bfc062723c751e8b465ee728b)  -> (artifact id: '799c3f75b3faf455dc85cb79485eb53c') in 0.006073 seconds
  Import took 0.009286 seconds .

========================================================================
Received Import Request.
  Time since last request: 0.000224 seconds.
  path: Assets/Materials/shop b.mat
  artifactKey: Guid(d2ece15c27b1b3e42af178de8034e3be) Importer(815301076,1909f56bfc062723c751e8b465ee728b)
Start importing Assets/Materials/shop b.mat using Guid(d2ece15c27b1b3e42af178de8034e3be) Importer(815301076,1909f56bfc062723c751e8b465ee728b)  -> (artifact id: '013484e60c28943d3183b95924234109') in 0.006046 seconds
  Import took 0.010308 seconds .

========================================================================
Received Import Request.
  Time since last request: 0.000259 seconds.
  path: Assets/Materials/H3.mat
  artifactKey: Guid(9db90062b4af0004b94c5754b65e4379) Importer(815301076,1909f56bfc062723c751e8b465ee728b)
Start importing Assets/Materials/H3.mat using Guid(9db90062b4af0004b94c5754b65e4379) Importer(815301076,1909f56bfc062723c751e8b465ee728b)  -> (artifact id: '6c477151611b4061abafb304ca62aab3') in 0.005207 seconds
  Import took 0.009212 seconds .

========================================================================
Received Import Request.
  Time since last request: 0.000281 seconds.
  path: Assets/Materials/k11.mat
  artifactKey: Guid(a7f2d3722f408d146b37cba315bc996f) Importer(815301076,1909f56bfc062723c751e8b465ee728b)
Start importing Assets/Materials/k11.mat using Guid(a7f2d3722f408d146b37cba315bc996f) Importer(815301076,1909f56bfc062723c751e8b465ee728b)  -> (artifact id: 'cdf1523cfda2cb6fccd33a8bbff7cdce') in 0.005507 seconds
  Import took 0.008779 seconds .

========================================================================
Received Import Request.
  Time since last request: 0.000265 seconds.
  path: Assets/Materials/I1.mat
  artifactKey: Guid(09bb7389d12b7fe4cb01b4d2afb6b0a7) Importer(815301076,1909f56bfc062723c751e8b465ee728b)
Start importing Assets/Materials/I1.mat using Guid(09bb7389d12b7fe4cb01b4d2afb6b0a7) Importer(815301076,1909f56bfc062723c751e8b465ee728b)  -> (artifact id: '930e476ea34680d00f5021a482a2974d') in 0.005905 seconds
  Import took 0.009089 seconds .

========================================================================
Received Import Request.
  Time since last request: 0.000267 seconds.
  path: Assets/Materials/K3.mat
  artifactKey: Guid(623f2cfcc0ce09149a6f467ad4256295) Importer(815301076,1909f56bfc062723c751e8b465ee728b)
Start importing Assets/Materials/K3.mat using Guid(623f2cfcc0ce09149a6f467ad4256295) Importer(815301076,1909f56bfc062723c751e8b465ee728b)  -> (artifact id: 'ce3d468f16e2b998626c3ed6e1f0aeb2') in 0.005822 seconds
  Import took 0.009311 seconds .

========================================================================
Received Import Request.
  Time since last request: 0.000195 seconds.
  path: Assets/Materials/G2.mat
  artifactKey: Guid(8a92d92c33dbd87489558551e9ce75ce) Importer(815301076,1909f56bfc062723c751e8b465ee728b)
Start importing Assets/Materials/G2.mat using Guid(8a92d92c33dbd87489558551e9ce75ce) Importer(815301076,1909f56bfc062723c751e8b465ee728b)  -> (artifact id: '3e8a6789959c39810471bf6b24d3143d') in 0.005678 seconds
  Import took 0.008961 seconds .

========================================================================
Received Import Request.
  Time since last request: 0.000246 seconds.
  path: Assets/Materials/F3.mat
  artifactKey: Guid(2d6209e982156604ea6d7c513bc7b774) Importer(815301076,1909f56bfc062723c751e8b465ee728b)
Start importing Assets/Materials/F3.mat using Guid(2d6209e982156604ea6d7c513bc7b774) Importer(815301076,1909f56bfc062723c751e8b465ee728b)  -> (artifact id: '6629471281be6f0d622613f38a5733b0') in 0.008529 seconds
  Import took 0.012615 seconds .

========================================================================
Received Import Request.
  Time since last request: 5.861055 seconds.
  path: Assets/Materials/VCOL.mat
  artifactKey: Guid(a1da5a75d83b2b64d9684707d810f8c7) Importer(815301076,1909f56bfc062723c751e8b465ee728b)
Start importing Assets/Materials/VCOL.mat using Guid(a1da5a75d83b2b64d9684707d810f8c7) Importer(815301076,1909f56bfc062723c751e8b465ee728b)  -> (artifact id: '41b2553a91a6744755242f2193f59c63') in 0.006820 seconds
  Import took 0.011439 seconds .

========================================================================
Received Import Request.
  Time since last request: 42.508994 seconds.
  path: Packages/com.unity.render-pipelines.core/package.json
  artifactKey: Guid(753d1ac2429a21a44ac5f937cbbb409f) Importer(815301076,1909f56bfc062723c751e8b465ee728b)
Start importing Packages/com.unity.render-pipelines.core/package.json using Guid(753d1ac2429a21a44ac5f937cbbb409f) Importer(815301076,1909f56bfc062723c751e8b465ee728b)  -> (artifact id: '0ce7e95aee5a1c890469703da8a77ad5') in 0.003644 seconds
  Import took 0.007654 seconds .

========================================================================
Received Prepare
Registering precompiled user dll's ...
Registered in 0.001065 seconds.
Begin MonoManager ReloadAssembly
Native extension for WindowsStandalone target not found
Native extension for WebGL target not found
Refreshing native plugins compatible for Editor in 0.40 ms, found 0 plugins.
Preloading 0 native plugins for Editor in 0.00 ms.
Invoked RoslynAnalysisRunner static constructor.
RoslynAnalysisRunner will not be running.
RoslynAnalysisRunner has terminated.
Mono: successfully reloaded assembly
- Completed reload, in  0.800 seconds
Platform modules already initialized, skipping
Shader 'Universal Render Pipeline/Particles/Lit': fallback shader 'Universal Render Pipeline/Particles/SimpleLit' not found
Refreshing native plugins compatible for Editor in 0.40 ms, found 0 plugins.
Preloading 0 native plugins for Editor in 0.00 ms.
Unloading 2707 Unused Serialized files (Serialized files now loaded: 0)
System memory in use before: 118.6 MB.
System memory in use after: 118.8 MB.

Unloading 6 unused Assets to reduce memory usage. Loaded Objects now: 3258.
Total: 3.026700 ms (FindLiveObjects: 0.265000 ms CreateObjectMapping: 0.103200 ms MarkObjects: 2.600000 ms  DeleteObjects: 0.057600 ms)

========================================================================
Received Import Request.
  Time since last request: 444.204383 seconds.
  path: Assets/Scripts/Track.cs
  artifactKey: Guid(d09710e87af9eaf4e9ba0674d23208a0) Importer(815301076,1909f56bfc062723c751e8b465ee728b)
Start importing Assets/Scripts/Track.cs using Guid(d09710e87af9eaf4e9ba0674d23208a0) Importer(815301076,1909f56bfc062723c751e8b465ee728b)  -> (artifact id: '18e8c7bf35291201778496242ae86d92') in 0.007568 seconds
  Import took 0.012290 seconds .

========================================================================
Received Import Request.
  Time since last request: 0.002338 seconds.
  path: Assets/Scripts/Track.cs
  artifactKey: Guid(d09710e87af9eaf4e9ba0674d23208a0) Importer(815301076,1909f56bfc062723c751e8b465ee728b)
Start importing Assets/Scripts/Track.cs using Guid(d09710e87af9eaf4e9ba0674d23208a0) Importer(815301076,1909f56bfc062723c751e8b465ee728b)  -> (artifact id: '18e8c7bf35291201778496242ae86d92') in 0.001311 seconds
  Import took 0.005774 seconds .

========================================================================
Received Prepare
Registering precompiled user dll's ...
Registered in 0.001095 seconds.
Begin MonoManager ReloadAssembly
Native extension for WindowsStandalone target not found
Native extension for WebGL target not found
Refreshing native plugins compatible for Editor in 0.42 ms, found 0 plugins.
Preloading 0 native plugins for Editor in 0.00 ms.
Invoked RoslynAnalysisRunner static constructor.
RoslynAnalysisRunner will not be running.
RoslynAnalysisRunner has terminated.
Mono: successfully reloaded assembly
- Completed reload, in  0.842 seconds
Platform modules already initialized, skipping
Shader 'Universal Render Pipeline/Particles/Lit': fallback shader 'Universal Render Pipeline/Particles/SimpleLit' not found
Refreshing native plugins compatible for Editor in 0.40 ms, found 0 plugins.
Preloading 0 native plugins for Editor in 0.00 ms.
Unloading 2708 Unused Serialized files (Serialized files now loaded: 0)
System memory in use before: 118.6 MB.
System memory in use after: 118.8 MB.

Unloading 6 unused Assets to reduce memory usage. Loaded Objects now: 3262.
Total: 3.176100 ms (FindLiveObjects: 0.275800 ms CreateObjectMapping: 0.128200 ms MarkObjects: 2.706600 ms  DeleteObjects: 0.064600 ms)

========================================================================
Received Prepare
Registering precompiled user dll's ...
Registered in 0.001437 seconds.
Begin MonoManager ReloadAssembly
Native extension for WindowsStandalone target not found
Native extension for WebGL target not found
Refreshing native plugins compatible for Editor in 0.63 ms, found 0 plugins.
Preloading 0 native plugins for Editor in 0.00 ms.
Invoked RoslynAnalysisRunner static constructor.
RoslynAnalysisRunner will not be running.
RoslynAnalysisRunner has terminated.
Mono: successfully reloaded assembly
- Completed reload, in  0.869 seconds
Platform modules already initialized, skipping
Shader 'Universal Render Pipeline/Particles/Lit': fallback shader 'Universal Render Pipeline/Particles/SimpleLit' not found
Refreshing native plugins compatible for Editor in 0.41 ms, found 0 plugins.
Preloading 0 native plugins for Editor in 0.00 ms.
Unloading 2308 Unused Serialized files (Serialized files now loaded: 0)
System memory in use before: 110.7 MB.
System memory in use after: 110.9 MB.

Unloading 107 unused Assets to reduce memory usage. Loaded Objects now: 3164.
Total: 4.166200 ms (FindLiveObjects: 0.388400 ms CreateObjectMapping: 0.139000 ms MarkObjects: 3.531500 ms  DeleteObjects: 0.105700 ms)

========================================================================
Received Prepare
Registering precompiled user dll's ...
Registered in 0.001596 seconds.
Begin MonoManager ReloadAssembly
Native extension for WindowsStandalone target not found
Native extension for WebGL target not found
Refreshing native plugins compatible for Editor in 0.43 ms, found 0 plugins.
Preloading 0 native plugins for Editor in 0.00 ms.
Invoked RoslynAnalysisRunner static constructor.
RoslynAnalysisRunner will not be running.
RoslynAnalysisRunner has terminated.
Mono: successfully reloaded assembly
- Completed reload, in  1.039 seconds
Platform modules already initialized, skipping
Shader 'Universal Render Pipeline/Particles/Lit': fallback shader 'Universal Render Pipeline/Particles/SimpleLit' not found
Refreshing native plugins compatible for Editor in 0.56 ms, found 0 plugins.
Preloading 0 native plugins for Editor in 0.00 ms.
Unloading 2308 Unused Serialized files (Serialized files now loaded: 0)
System memory in use before: 109.8 MB.
System memory in use after: 110.0 MB.

Unloading 6 unused Assets to reduce memory usage. Loaded Objects now: 3167.
Total: 4.090700 ms (FindLiveObjects: 0.326100 ms CreateObjectMapping: 0.114200 ms MarkObjects: 3.567300 ms  DeleteObjects: 0.081700 ms)

========================================================================
Received Import Request.
  Time since last request: 249.086827 seconds.
  path: Assets/Scripts/Player.cs
  artifactKey: Guid(027611397a91a0043bd14ba8e546790d) Importer(815301076,1909f56bfc062723c751e8b465ee728b)
Start importing Assets/Scripts/Player.cs using Guid(027611397a91a0043bd14ba8e546790d) Importer(815301076,1909f56bfc062723c751e8b465ee728b)  -> (artifact id: '4078ef2088e86a7fb8ece97d2c4eb4f7') in 0.005300 seconds
  Import took 0.009764 seconds .

========================================================================
Received Import Request.
  Time since last request: 0.024508 seconds.
  path: Assets/Scripts/Player.cs
  artifactKey: Guid(027611397a91a0043bd14ba8e546790d) Importer(815301076,1909f56bfc062723c751e8b465ee728b)
Start importing Assets/Scripts/Player.cs using Guid(027611397a91a0043bd14ba8e546790d) Importer(815301076,1909f56bfc062723c751e8b465ee728b)  -> (artifact id: '4078ef2088e86a7fb8ece97d2c4eb4f7') in 0.001180 seconds
  Import took 0.005178 seconds .

========================================================================
Received Import Request.
  Time since last request: 790.782702 seconds.
  path: Assets/Scripts/WorldCurver.cs
  artifactKey: Guid(951ef579fefb72f4093b7a17a223eeae) Importer(815301076,1909f56bfc062723c751e8b465ee728b)
Start importing Assets/Scripts/WorldCurver.cs using Guid(951ef579fefb72f4093b7a17a223eeae) Importer(815301076,1909f56bfc062723c751e8b465ee728b)  -> (artifact id: '8cd162e64e136cec259f88dd24b6e747') in 0.048887 seconds
  Import took 0.053222 seconds .

AssetImportWorkerClient::OnTransportError - code=2 error=End of file
